14:53:27 **** Incremental Build of configuration Nios II for project NIOS_Project_Small ****
wsl make all 
Info: Building /mnt/c/Users/guan-ming.dennis-won/Documents/Code/SPI_4_Wire_Serial_Intel_FPGA_IP/software/NIOS_Project_Small_bsp/
make --no-print-directory -C /mnt/c/Users/guan-ming.dennis-won/Documents/Code/SPI_4_Wire_Serial_Intel_FPGA_IP/software/NIOS_Project_Small_bsp/
[BSP build complete]
Info: Compiling imported_source/TENCL040_ESC.c to obj/default/imported_source/TENCL040_ESC.o
nios2-elf-gcc.exe -xc -MP -MMD -c -Ic:/Users/guan-ming.dennis-won/Documents/Code/SPI_4_Wire_Serial_Intel_FPGA_IP/software/NIOS_Project_Small_bsp//HAL/inc -Ic:/Users/guan-ming.dennis-won/Documents/Code/SPI_4_Wire_Serial_Intel_FPGA_IP/software/NIOS_Project_Small_bsp/ -Ic:/Users/guan-ming.dennis-won/Documents/Code/SPI_4_Wire_Serial_Intel_FPGA_IP/software/NIOS_Project_Small_bsp//drivers/inc  -pipe -D__hal__ -DALT_NO_C_PLUS_PLUS -DALT_NO_CLEAN_EXIT -D'exit(a)=_exit(a)' -DALT_NO_EXIT -DALT_USE_DIRECT_DRIVERS -DALT_NO_INSTRUCTION_EMULATION -DALT_USE_SMALL_DRIVERS -DSMALL_C_LIB -DALT_SINGLE_THREADED    -Os -g -Wall   -mno-hw-div -mno-hw-div -mno-hw-mul -mno-hw-mulx -mgpopt=global  -o "obj/default/imported_source/TENCL040_ESC.o" "imported_source/TENCL040_ESC.c"
In file included from imported_source/../imported_source/TENCL040_ESC.h:41,
                 from imported_source/TENCL040_ESC.c:29:
imported_source/../imported_source/../imported_source/TENCL040_ESCObjects.h:2607:8: warning: excess elements in array initializer
 2607 | ={8,{0,0,0,0,0,0,0,0}}
      |        ^
imported_source/../imported_source/../imported_source/TENCL040_ESCObjects.h:2607:8: note: (near initialization for 'OnOffContinuousModeGroup0x7008.aEntries')
imported_source/../imported_source/../imported_source/TENCL040_ESCObjects.h:2607:10: warning: excess elements in array initializer
 2607 | ={8,{0,0,0,0,0,0,0,0}}
      |          ^
imported_source/../imported_source/../imported_source/TENCL040_ESCObjects.h:2607:10: note: (near initialization for 'OnOffContinuousModeGroup0x7008.aEntries')
imported_source/../imported_source/../imported_source/TENCL040_ESCObjects.h:2607:12: warning: excess elements in array initializer
 2607 | ={8,{0,0,0,0,0,0,0,0}}
      |            ^
imported_source/../imported_source/../imported_source/TENCL040_ESCObjects.h:2607:12: note: (near initialization for 'OnOffContinuousModeGroup0x7008.aEntries')
imported_source/../imported_source/../imported_source/TENCL040_ESCObjects.h:2607:14: warning: excess elements in array initializer
 2607 | ={8,{0,0,0,0,0,0,0,0}}
      |              ^
imported_source/../imported_source/../imported_source/TENCL040_ESCObjects.h:2607:14: note: (near initialization for 'OnOffContinuousModeGroup0x7008.aEntries')
imported_source/../imported_source/../imported_source/TENCL040_ESCObjects.h:2607:16: warning: excess elements in array initializer
 2607 | ={8,{0,0,0,0,0,0,0,0}}
      |                ^
imported_source/../imported_source/../imported_source/TENCL040_ESCObjects.h:2607:16: note: (near initialization for 'OnOffContinuousModeGroup0x7008.aEntries')
imported_source/../imported_source/../imported_source/TENCL040_ESCObjects.h:2607:18: warning: excess elements in array initializer
 2607 | ={8,{0,0,0,0,0,0,0,0}}
      |                  ^
imported_source/../imported_source/../imported_source/TENCL040_ESCObjects.h:2607:18: note: (near initialization for 'OnOffContinuousModeGroup0x7008.aEntries')
imported_source/../imported_source/../imported_source/TENCL040_ESCObjects.h:2607:20: warning: excess elements in array initializer
 2607 | ={8,{0,0,0,0,0,0,0,0}}
      |                    ^
imported_source/../imported_source/../imported_source/TENCL040_ESCObjects.h:2607:20: note: (near initialization for 'OnOffContinuousModeGroup0x7008.aEntries')
Info: Linking NIOS_Project_Small.elf
nios2-elf-g++.exe  -T'c:/Users/guan-ming.dennis-won/Documents/Code/SPI_4_Wire_Serial_Intel_FPGA_IP/software/NIOS_Project_Small_bsp//linker.x' -msys-crt0='c:/Users/guan-ming.dennis-won/Documents/Code/SPI_4_Wire_Serial_Intel_FPGA_IP/software/NIOS_Project_Small_bsp//obj/HAL/src/crt0.o' -msys-lib=hal_bsp -Lc:/Users/guan-ming.dennis-won/Documents/Code/SPI_4_Wire_Serial_Intel_FPGA_IP/software/NIOS_Project_Small_bsp/  -msmallc  -Wl,-Map=NIOS_Project_Small.map   -Os -g -Wall   -mno-hw-div -mno-hw-div -mno-hw-mul -mno-hw-mulx -mgpopt=global  -o NIOS_Project_Small.elf obj/default/hello_world_small.o obj/default/imported_source/TENCL040_ESC.o obj/default/imported_source/ax58100_hw.o obj/default/imported_source/coeappl.o obj/default/imported_source/ecatappl.o obj/default/imported_source/ecatcoe.o obj/default/imported_source/ecatslv.o obj/default/imported_source/mailbox.o obj/default/imported_source/objdef.o obj/default/imported_source/sdoserv.o obj/default/nios_it/nios_it.o obj/default/peripheral/peripheral_linker.o -lm -msys-lib=m
nios2-elf-insert.exe NIOS_Project_Small.elf --thread_model hal --cpu_name NIOS --qsys true --simulation_enabled false --id 39011 --sidp 0x41060 --timestamp 1746673769 --stderr_dev DEBUG --stdin_dev DEBUG --stdout_dev DEBUG --sopc_system_name spi_platform_designer --quartus_project_dir "c:/Users/guan-ming.dennis-won/Documents/Code/SPI_4_Wire_Serial_Intel_FPGA_IP" --jdi ../..//output_files/spi.jdi --sopcinfo C:/Users/guan-ming.dennis-won/Documents/Code/SPI_4_Wire_Serial_Intel_FPGA_IP/spi_platform_designer.sopcinfo
Info: (NIOS_Project_Small.elf) 45 KBytes program size (code + initialized data).
Info:                          28 KBytes free for stack + heap.
Info: Creating NIOS_Project_Small.objdump
nios2-elf-objdump.exe --disassemble --syms --all-header --source NIOS_Project_Small.elf >NIOS_Project_Small.objdump
[NIOS_Project_Small build complete]

14:53:30 Build Finished (took 2s.386ms)

